2022-12-04 19:08:28.969 INFO  (main) [] o.e.j.u.log Logging initialized @720ms to org.eclipse.jetty.util.log.Slf4jLog
2022-12-04 19:08:29.116 INFO  (main) [] o.e.j.s.Server jetty-9.4.44.v20210927; built: 2021-09-27T23:02:44.612Z; git: 8da83308eeca865e495e53ef315a249d63ba9332; jvm 11.0.17+8-post-Ubuntu-1ubuntu222.04
2022-12-04 19:08:29.356 INFO  (main) [] o.a.s.s.CoreContainerProvider Using logger factory org.apache.logging.slf4j.Log4jLoggerFactory
2022-12-04 19:08:29.365 INFO  (main) [] o.a.s.s.CoreContainerProvider  ___      _       Welcome to Apache Solr™ version 9.0.0
2022-12-04 19:08:29.366 INFO  (main) [] o.a.s.s.CoreContainerProvider / __| ___| |_ _   Starting in cloud mode on port 7574
2022-12-04 19:08:29.366 INFO  (main) [] o.a.s.s.CoreContainerProvider \__ \/ _ \ | '_|  Install dir: /home/makfazlic/Desktop/FeatureHunt/solr-9.0.0
2022-12-04 19:08:29.366 INFO  (main) [] o.a.s.s.CoreContainerProvider |___/\___/_|_|    Start time: 2022-12-04T19:08:29.366407Z
2022-12-04 19:08:29.388 INFO  (main) [] o.a.s.s.CoreContainerProvider Solr Home: /home/makfazlic/Desktop/FeatureHunt/solr-9.0.0/example/cloud/node2/solr (source: system property: solr.solr.home)
2022-12-04 19:08:29.436 INFO  (main) [] o.a.s.c.c.ConnectionManager Waiting up to 30000ms for client to connect to ZooKeeper
2022-12-04 19:08:29.510 INFO  (zkConnectionManagerCallback-2-thread-1) [] o.a.s.c.c.ConnectionManager zkClient has connected
2022-12-04 19:08:29.510 INFO  (main) [] o.a.s.c.c.ConnectionManager Client is connected to ZooKeeper
2022-12-04 19:08:29.625 INFO  (main) [] o.a.s.c.NodeConfig Loading solr.xml from SolrHome (not found in ZooKeeper)
2022-12-04 19:08:29.626 INFO  (main) [] o.a.s.c.SolrXmlConfig Loading solr.xml from /home/makfazlic/Desktop/FeatureHunt/solr-9.0.0/example/cloud/node2/solr/solr.xml
2022-12-04 19:08:30.240 WARN  (main) [] o.a.s.u.StartupLoggingUtils Jetty request logging enabled. Will retain logs for last 3 days. See chapter "Configuring Logging" in reference guide for how to configure.
2022-12-04 19:08:30.240 INFO  (main) [] o.a.s.c.ZkContainer Zookeeper client=localhost:9983
2022-12-04 19:08:30.250 INFO  (main) [] o.a.s.c.DistributedClusterStateUpdater Creating DistributedClusterStateUpdater with useDistributedStateUpdate=false. Solr will be using Overseer based cluster state updates.
2022-12-04 19:08:30.256 INFO  (main) [] o.a.s.c.c.ConnectionManager Waiting up to 30000ms for client to connect to ZooKeeper
2022-12-04 19:08:30.265 INFO  (zkConnectionManagerCallback-12-thread-1) [] o.a.s.c.c.ConnectionManager zkClient has connected
2022-12-04 19:08:30.265 INFO  (main) [] o.a.s.c.c.ConnectionManager Client is connected to ZooKeeper
2022-12-04 19:08:30.289 WARN  (main) [] o.a.s.c.ZkController Contents of zookeeper /security.json are world-readable; consider setting up ACLs as described in https://solr.apache.org/guide/zookeeper-access-control.html
2022-12-04 19:08:30.338 INFO  (main) [] o.a.s.c.c.ZkStateReader Updated live nodes from ZooKeeper... (0) -> (2)
2022-12-04 19:08:56.728 INFO  (main) [] o.a.s.c.DistributedClusterStateUpdater Creating DistributedClusterStateUpdater with useDistributedStateUpdate=false. Solr will be using Overseer based cluster state updates.
2022-12-04 19:08:56.730 INFO  (zkCallback-11-thread-2) [] o.a.s.c.c.ZkStateReader Updated live nodes from ZooKeeper... (2) -> (1)
2022-12-04 19:08:56.764 INFO  (main) [] o.a.s.c.ZkController Publish node=localhost:7574_solr as DOWN
2022-12-04 19:08:56.782 INFO  (main) [] o.a.s.c.TransientSolrCoreCacheDefault Allocating transient core cache for max 2147483647 cores with initial capacity of 1024
2022-12-04 19:08:56.795 INFO  (main) [] o.a.s.c.ZkController Register node as live in ZooKeeper:/live_nodes/localhost:7574_solr
2022-12-04 19:08:56.827 INFO  (zkCallback-11-thread-2) [] o.a.s.c.c.ZkStateReader Updated live nodes from ZooKeeper... (1) -> (2)
2022-12-04 19:08:56.870 INFO  (main) [] o.a.s.p.PackageLoader /packages.json updated to version -1
2022-12-04 19:08:56.879 WARN  (main) [] o.a.s.c.CoreContainer Not all security plugins configured!  authentication=disabled authorization=disabled.  Solr is only as secure as you make it. Consider configuring authentication/authorization before exposing Solr to users internal or external.  See https://s.apache.org/solrsecurity for more info
2022-12-04 19:08:57.073 INFO  (main) [] o.a.s.c.CorePropertiesLocator Found 0 core definitions underneath /home/makfazlic/Desktop/FeatureHunt/solr-9.0.0/example/cloud/node2/solr
2022-12-04 19:08:57.140 INFO  (main) [] o.e.j.s.h.ContextHandler Started o.e.j.w.WebAppContext@47da3952{/solr,file:///home/makfazlic/Desktop/FeatureHunt/solr-9.0.0/server/solr-webapp/webapp/,AVAILABLE}{/home/makfazlic/Desktop/FeatureHunt/solr-9.0.0/server/solr-webapp/webapp}
2022-12-04 19:08:57.146 INFO  (main) [] o.e.j.s.RequestLogWriter Opened /home/makfazlic/Desktop/FeatureHunt/solr-9.0.0/example/cloud/node2/logs/2022_12_04.request.log
2022-12-04 19:08:57.153 INFO  (main) [] o.e.j.s.AbstractConnector Started ServerConnector@476b0ae6{HTTP/1.1, (http/1.1, h2c)}{127.0.0.1:7574}
2022-12-04 19:08:57.153 INFO  (main) [] o.e.j.s.Server Started @28905ms
2022-12-04 19:08:58.934 INFO  (qtp1165791284-26) [] o.a.s.s.HttpSolrCall [admin] webapp=null path=/admin/info/system params={wt=json} status=0 QTime=31
2022-12-04 19:08:58.973 INFO  (qtp1165791284-18) [] o.a.s.s.HttpSolrCall [admin] webapp=null path=/admin/collections params={action=CLUSTERSTATUS&wt=json} status=0 QTime=9
2022-12-04 19:10:28.313 INFO  (qtp1165791284-26) [ x:sa_shard2_replica_n4] o.a.s.h.a.CoreAdminOperation core create command qt=/admin/cores&coreNodeName=core_node7&collection.configName=sa&newCollection=true&name=sa_shard2_replica_n4&action=CREATE&numShards=2&collection=sa&shard=shard2&wt=javabin&version=2&replicaType=NRT
2022-12-04 19:10:28.313 INFO  (qtp1165791284-25) [ x:sa_shard1_replica_n1] o.a.s.h.a.CoreAdminOperation core create command qt=/admin/cores&coreNodeName=core_node3&collection.configName=sa&newCollection=true&name=sa_shard1_replica_n1&action=CREATE&numShards=2&collection=sa&shard=shard1&wt=javabin&version=2&replicaType=NRT
2022-12-04 19:10:28.467 INFO  (qtp1165791284-25) [c:sa s:shard1 r:core_node3 x:sa_shard1_replica_n1] o.a.s.c.SolrConfig Using Lucene MatchVersion: 9.0.0
2022-12-04 19:10:28.469 INFO  (qtp1165791284-26) [c:sa s:shard2 r:core_node7 x:sa_shard2_replica_n4] o.a.s.c.SolrConfig Using Lucene MatchVersion: 9.0.0
2022-12-04 19:10:28.563 INFO  (qtp1165791284-25) [c:sa s:shard1 r:core_node3 x:sa_shard1_replica_n1] o.a.s.s.IndexSchema Schema name=default-config
2022-12-04 19:10:28.576 INFO  (qtp1165791284-26) [c:sa s:shard2 r:core_node7 x:sa_shard2_replica_n4] o.a.s.s.IndexSchema Schema name=default-config
2022-12-04 19:10:29.400 INFO  (qtp1165791284-26) [c:sa s:shard2 r:core_node7 x:sa_shard2_replica_n4] o.a.s.s.IndexSchema Loaded schema default-config/1.6 with uniqueid field id
2022-12-04 19:10:29.400 INFO  (qtp1165791284-25) [c:sa s:shard1 r:core_node3 x:sa_shard1_replica_n1] o.a.s.s.IndexSchema Loaded schema default-config/1.6 with uniqueid field id
2022-12-04 19:10:29.401 INFO  (qtp1165791284-25) [c:sa s:shard1 r:core_node3 x:sa_shard1_replica_n1] o.a.s.c.CoreContainer Creating SolrCore 'sa_shard1_replica_n1' using configuration from configset sa, trusted=true
2022-12-04 19:10:29.401 INFO  (qtp1165791284-26) [c:sa s:shard2 r:core_node7 x:sa_shard2_replica_n4] o.a.s.c.CoreContainer Creating SolrCore 'sa_shard2_replica_n4' using configuration from configset sa, trusted=true
2022-12-04 19:10:29.447 INFO  (qtp1165791284-26) [c:sa s:shard2 r:core_node7 x:sa_shard2_replica_n4] o.a.s.c.SolrCore Opening new SolrCore at [/home/makfazlic/Desktop/FeatureHunt/solr-9.0.0/example/cloud/node2/solr/sa_shard2_replica_n4], dataDir=[/home/makfazlic/Desktop/FeatureHunt/solr-9.0.0/example/cloud/node2/solr/sa_shard2_replica_n4/data/]
2022-12-04 19:10:29.452 INFO  (qtp1165791284-25) [c:sa s:shard1 r:core_node3 x:sa_shard1_replica_n1] o.a.s.c.SolrCore Opening new SolrCore at [/home/makfazlic/Desktop/FeatureHunt/solr-9.0.0/example/cloud/node2/solr/sa_shard1_replica_n1], dataDir=[/home/makfazlic/Desktop/FeatureHunt/solr-9.0.0/example/cloud/node2/solr/sa_shard1_replica_n1/data/]
2022-12-04 19:10:30.345 INFO  (qtp1165791284-26) [c:sa s:shard2 r:core_node7 x:sa_shard2_replica_n4] o.a.s.u.UpdateHandler Using UpdateLog implementation: org.apache.solr.update.UpdateLog
2022-12-04 19:10:30.345 INFO  (qtp1165791284-26) [c:sa s:shard2 r:core_node7 x:sa_shard2_replica_n4] o.a.s.u.UpdateLog Initializing UpdateLog: dataDir= defaultSyncLevel=FLUSH numRecordsToKeep=100 maxNumLogsToKeep=10 numVersionBuckets=65536
2022-12-04 19:10:30.347 INFO  (qtp1165791284-25) [c:sa s:shard1 r:core_node3 x:sa_shard1_replica_n1] o.a.s.u.UpdateHandler Using UpdateLog implementation: org.apache.solr.update.UpdateLog
2022-12-04 19:10:30.347 INFO  (qtp1165791284-25) [c:sa s:shard1 r:core_node3 x:sa_shard1_replica_n1] o.a.s.u.UpdateLog Initializing UpdateLog: dataDir= defaultSyncLevel=FLUSH numRecordsToKeep=100 maxNumLogsToKeep=10 numVersionBuckets=65536
2022-12-04 19:10:30.360 INFO  (qtp1165791284-26) [c:sa s:shard2 r:core_node7 x:sa_shard2_replica_n4] o.a.s.u.CommitTracker Hard AutoCommit: if uncommitted for 15000ms; 
2022-12-04 19:10:30.360 INFO  (qtp1165791284-25) [c:sa s:shard1 r:core_node3 x:sa_shard1_replica_n1] o.a.s.u.CommitTracker Hard AutoCommit: if uncommitted for 15000ms; 
2022-12-04 19:10:30.366 INFO  (qtp1165791284-26) [c:sa s:shard2 r:core_node7 x:sa_shard2_replica_n4] o.a.s.u.CommitTracker Soft AutoCommit: disabled
2022-12-04 19:10:30.366 INFO  (qtp1165791284-25) [c:sa s:shard1 r:core_node3 x:sa_shard1_replica_n1] o.a.s.u.CommitTracker Soft AutoCommit: disabled
2022-12-04 19:10:30.441 INFO  (qtp1165791284-25) [c:sa s:shard1 r:core_node3 x:sa_shard1_replica_n1] o.a.s.r.ManagedResourceStorage Configured ZooKeeperStorageIO with znodeBase: /configs/sa
2022-12-04 19:10:30.444 INFO  (qtp1165791284-26) [c:sa s:shard2 r:core_node7 x:sa_shard2_replica_n4] o.a.s.r.ManagedResourceStorage Configured ZooKeeperStorageIO with znodeBase: /configs/sa
2022-12-04 19:10:30.449 INFO  (qtp1165791284-26) [c:sa s:shard2 r:core_node7 x:sa_shard2_replica_n4] o.a.s.r.ManagedResourceStorage Loaded null at path _rest_managed.json using ZooKeeperStorageIO:path=/configs/sa
2022-12-04 19:10:30.457 INFO  (qtp1165791284-26) [c:sa s:shard2 r:core_node7 x:sa_shard2_replica_n4] o.a.s.s.ZkIndexSchemaReader Creating ZooKeeper watch for the managed schema at /configs/sa/managed-schema.xml
2022-12-04 19:10:30.458 INFO  (qtp1165791284-25) [c:sa s:shard1 r:core_node3 x:sa_shard1_replica_n1] o.a.s.r.ManagedResourceStorage Loaded null at path _rest_managed.json using ZooKeeperStorageIO:path=/configs/sa
2022-12-04 19:10:30.459 INFO  (qtp1165791284-25) [c:sa s:shard1 r:core_node3 x:sa_shard1_replica_n1] o.a.s.s.ZkIndexSchemaReader Creating ZooKeeper watch for the managed schema at /configs/sa/managed-schema.xml
2022-12-04 19:10:30.460 INFO  (qtp1165791284-26) [c:sa s:shard2 r:core_node7 x:sa_shard2_replica_n4] o.a.s.s.ZkIndexSchemaReader Current schema version 0 is already the latest
2022-12-04 19:10:30.476 INFO  (qtp1165791284-25) [c:sa s:shard1 r:core_node3 x:sa_shard1_replica_n1] o.a.s.s.ZkIndexSchemaReader Current schema version 0 is already the latest
2022-12-04 19:10:30.492 INFO  (qtp1165791284-26) [c:sa s:shard2 r:core_node7 x:sa_shard2_replica_n4] o.a.s.s.DirectSolrSpellChecker init: {accuracy=0.5, maxQueryFrequency=0.01, maxEdits=2, minPrefix=1, maxInspections=5, minQueryLength=4, name=default, field=_text_, classname=solr.DirectSolrSpellChecker, distanceMeasure=internal}
2022-12-04 19:10:30.494 INFO  (qtp1165791284-25) [c:sa s:shard1 r:core_node3 x:sa_shard1_replica_n1] o.a.s.s.DirectSolrSpellChecker init: {accuracy=0.5, maxQueryFrequency=0.01, maxEdits=2, minPrefix=1, maxInspections=5, minQueryLength=4, name=default, field=_text_, classname=solr.DirectSolrSpellChecker, distanceMeasure=internal}
2022-12-04 19:10:30.505 INFO  (qtp1165791284-25) [c:sa s:shard1 r:core_node3 x:sa_shard1_replica_n1] o.a.s.h.ReplicationHandler Commits will be reserved for 10000 ms
2022-12-04 19:10:30.505 INFO  (qtp1165791284-26) [c:sa s:shard2 r:core_node7 x:sa_shard2_replica_n4] o.a.s.h.ReplicationHandler Commits will be reserved for 10000 ms
2022-12-04 19:10:30.512 INFO  (qtp1165791284-25) [c:sa s:shard1 r:core_node3 x:sa_shard1_replica_n1] o.a.s.u.UpdateLog Could not find max version in index or recent updates, using new clock 1751311744250150912
2022-12-04 19:10:30.513 INFO  (qtp1165791284-26) [c:sa s:shard2 r:core_node7 x:sa_shard2_replica_n4] o.a.s.u.UpdateLog Could not find max version in index or recent updates, using new clock 1751311744251199488
2022-12-04 19:10:30.539 INFO  (searcherExecutor-21-thread-1-processing-localhost:7574_solr sa_shard2_replica_n4 sa shard2 core_node7) [c:sa s:shard2 r:core_node7 x:sa_shard2_replica_n4] o.a.s.c.QuerySenderListener QuerySenderListener done.
2022-12-04 19:10:30.539 INFO  (searcherExecutor-19-thread-1-processing-localhost:7574_solr sa_shard1_replica_n1 sa shard1 core_node3) [c:sa s:shard1 r:core_node3 x:sa_shard1_replica_n1] o.a.s.c.QuerySenderListener QuerySenderListener done.
2022-12-04 19:10:30.539 INFO  (searcherExecutor-19-thread-1-processing-localhost:7574_solr sa_shard1_replica_n1 sa shard1 core_node3) [c:sa s:shard1 r:core_node3 x:sa_shard1_replica_n1] o.a.s.h.c.SpellCheckComponent Loading spell index for spellchecker: default
2022-12-04 19:10:30.540 INFO  (searcherExecutor-21-thread-1-processing-localhost:7574_solr sa_shard2_replica_n4 sa shard2 core_node7) [c:sa s:shard2 r:core_node7 x:sa_shard2_replica_n4] o.a.s.h.c.SpellCheckComponent Loading spell index for spellchecker: default
2022-12-04 19:10:30.547 INFO  (searcherExecutor-21-thread-1-processing-localhost:7574_solr sa_shard2_replica_n4 sa shard2 core_node7) [c:sa s:shard2 r:core_node7 x:sa_shard2_replica_n4] o.a.s.c.SolrCore Registered new searcher autowarm time: 0 ms
2022-12-04 19:10:30.549 INFO  (searcherExecutor-19-thread-1-processing-localhost:7574_solr sa_shard1_replica_n1 sa shard1 core_node3) [c:sa s:shard1 r:core_node3 x:sa_shard1_replica_n1] o.a.s.c.SolrCore Registered new searcher autowarm time: 0 ms
2022-12-04 19:10:30.662 INFO  (qtp1165791284-26) [c:sa s:shard2 r:core_node7 x:sa_shard2_replica_n4] o.a.s.c.ZkShardTerms Failed to save terms, version is not a match, retrying
2022-12-04 19:10:30.679 INFO  (qtp1165791284-26) [c:sa s:shard2 r:core_node7 x:sa_shard2_replica_n4] o.a.s.c.ZkShardTerms Successful update of terms at /collections/sa/terms/shard2 to Terms{values={core_node7=0, core_node5=0}, version=1} for registerTerm
2022-12-04 19:10:30.779 INFO  (qtp1165791284-25) [c:sa s:shard1 r:core_node3 x:sa_shard1_replica_n1] o.a.s.c.ZkShardTerms Successful update of terms at /collections/sa/terms/shard1 to Terms{values={core_node3=0, core_node8=0}, version=1} for registerTerm
2022-12-04 19:10:30.785 INFO  (qtp1165791284-26) [c:sa s:shard2 r:core_node7 x:sa_shard2_replica_n4] o.a.s.c.ShardLeaderElectionContextBase make sure parent is created /collections/sa/leaders/shard2
2022-12-04 19:10:30.785 INFO  (qtp1165791284-25) [c:sa s:shard1 r:core_node3 x:sa_shard1_replica_n1] o.a.s.c.ShardLeaderElectionContextBase make sure parent is created /collections/sa/leaders/shard1
2022-12-04 19:10:31.274 INFO  (qtp1165791284-18) [c:sa s:shard1 r:core_node3 x:sa_shard1_replica_n1] o.a.s.c.S.Request webapp=/solr path=/get params={distrib=false&qt=/get&fingerprint=false&getVersions=100&wt=javabin&version=2} status=0 QTime=14
2022-12-04 19:10:31.360 INFO  (qtp1165791284-19) [c:sa s:shard2 r:core_node7 x:sa_shard2_replica_n4] o.a.s.c.S.Request webapp=/solr path=/get params={distrib=false&qt=/get&fingerprint=false&getVersions=100&wt=javabin&version=2} status=0 QTime=0
2022-12-04 19:10:31.834 INFO  (qtp1165791284-25) [] o.a.s.s.HttpSolrCall [admin] webapp=null path=/admin/cores params={qt=/admin/cores&coreNodeName=core_node3&collection.configName=sa&newCollection=true&name=sa_shard1_replica_n1&action=CREATE&numShards=2&collection=sa&shard=shard1&wt=javabin&version=2&replicaType=NRT} status=0 QTime=3522
2022-12-04 19:10:31.839 INFO  (qtp1165791284-26) [] o.a.s.s.HttpSolrCall [admin] webapp=null path=/admin/cores params={qt=/admin/cores&coreNodeName=core_node7&collection.configName=sa&newCollection=true&name=sa_shard2_replica_n4&action=CREATE&numShards=2&collection=sa&shard=shard2&wt=javabin&version=2&replicaType=NRT} status=0 QTime=3529
2022-12-04 19:10:31.979 INFO  (zkCallback-11-thread-3) [] o.a.s.c.c.ZkStateReader A cluster state change: [WatchedEvent state:SyncConnected type:NodeDataChanged path:/collections/sa/state.json] for collection [sa] has occurred - updating... (live nodes size: [2])
2022-12-04 19:10:31.979 INFO  (zkCallback-11-thread-4) [] o.a.s.c.c.ZkStateReader A cluster state change: [WatchedEvent state:SyncConnected type:NodeDataChanged path:/collections/sa/state.json] for collection [sa] has occurred - updating... (live nodes size: [2])
2022-12-04 19:10:32.147 INFO  (ZKEventListenerThread) [] o.a.s.c.SolrCore config update listener called for core sa_shard2_replica_n4
2022-12-04 19:10:32.156 INFO  (ZKEventListenerThread) [] o.a.s.c.SolrCore core reload sa_shard2_replica_n4
2022-12-04 19:10:32.201 INFO  (ZKEventListenerThread) [] o.a.s.c.SolrConfig Using Lucene MatchVersion: 9.0.0
2022-12-04 19:10:32.233 INFO  (ZKEventListenerThread) [] o.a.s.s.IndexSchema Schema name=default-config
2022-12-04 19:10:32.330 INFO  (qtp1165791284-21) [c:sa s:shard2 r:core_node7 x:sa_shard2_replica_n4] o.a.s.h.SolrConfigHandler expecting overlay version 0 but my version is -1
2022-12-04 19:10:32.330 INFO  (qtp1165791284-22) [c:sa s:shard1 r:core_node3 x:sa_shard1_replica_n1] o.a.s.h.SolrConfigHandler expecting overlay version 0 but my version is -1
2022-12-04 19:10:32.331 INFO  (qtp1165791284-22) [c:sa s:shard1 r:core_node3 x:sa_shard1_replica_n1] o.a.s.c.S.Request webapp=/solr path=/config/znodeVersion params={overlay=0&wt=javabin&version=2} status=0 QTime=6
2022-12-04 19:10:32.331 INFO  (SolrConfigHandler-refreshconf) [] o.a.s.h.SolrConfigHandler Trying to update my configs
2022-12-04 19:10:32.331 INFO  (SolrConfigHandler-refreshconf) [] o.a.s.c.SolrCore config update listener called for core sa_shard1_replica_n1
2022-12-04 19:10:32.331 INFO  (qtp1165791284-21) [c:sa s:shard2 r:core_node7 x:sa_shard2_replica_n4] o.a.s.c.S.Request webapp=/solr path=/config/znodeVersion params={overlay=0&wt=javabin&version=2} status=0 QTime=6
2022-12-04 19:10:32.331 INFO  (SolrConfigHandler-refreshconf) [] o.a.s.h.SolrConfigHandler Another reload is in progress . Not doing anything
2022-12-04 19:10:32.335 INFO  (SolrConfigHandler-refreshconf) [] o.a.s.c.SolrCore core reload sa_shard1_replica_n1
2022-12-04 19:10:32.348 INFO  (SolrConfigHandler-refreshconf) [] o.a.s.c.SolrConfig Using Lucene MatchVersion: 9.0.0
2022-12-04 19:10:32.365 INFO  (SolrConfigHandler-refreshconf) [] o.a.s.s.IndexSchema Schema name=default-config
2022-12-04 19:10:32.410 INFO  (ZKEventListenerThread) [] o.a.s.s.IndexSchema Loaded schema default-config/1.6 with uniqueid field id
2022-12-04 19:10:32.410 INFO  (ZKEventListenerThread) [] o.a.s.c.CoreContainer Reloading SolrCore 'sa_shard2_replica_n4' using configuration from configset sa
2022-12-04 19:10:32.439 INFO  (qtp1165791284-25) [c:sa s:shard1 r:core_node3 x:sa_shard1_replica_n1] o.a.s.h.SolrConfigHandler expecting overlay version 0 but my version is -1
2022-12-04 19:10:32.444 INFO  (qtp1165791284-25) [c:sa s:shard1 r:core_node3 x:sa_shard1_replica_n1] o.a.s.c.S.Request webapp=/solr path=/config/znodeVersion params={overlay=0&wt=javabin&version=2} status=0 QTime=5
2022-12-04 19:10:32.444 INFO  (SolrConfigHandler-refreshconf) [] o.a.s.h.SolrConfigHandler Another reload is in progress . Not doing anything
2022-12-04 19:10:32.446 INFO  (qtp1165791284-26) [c:sa s:shard2 r:core_node7 x:sa_shard2_replica_n4] o.a.s.h.SolrConfigHandler expecting overlay version 0 but my version is -1
2022-12-04 19:10:32.447 INFO  (qtp1165791284-26) [c:sa s:shard2 r:core_node7 x:sa_shard2_replica_n4] o.a.s.c.S.Request webapp=/solr path=/config/znodeVersion params={overlay=0&wt=javabin&version=2} status=0 QTime=0
2022-12-04 19:10:32.448 INFO  (SolrConfigHandler-refreshconf) [] o.a.s.h.SolrConfigHandler Another reload is in progress . Not doing anything
2022-12-04 19:10:32.494 INFO  (ZKEventListenerThread) [] o.a.s.c.SolrCore Opening new SolrCore at [/home/makfazlic/Desktop/FeatureHunt/solr-9.0.0/example/cloud/node2/solr/sa_shard2_replica_n4], dataDir=[/home/makfazlic/Desktop/FeatureHunt/solr-9.0.0/example/cloud/node2/solr/sa_shard2_replica_n4/data/]
2022-12-04 19:10:32.502 INFO  (SolrConfigHandler-refreshconf) [] o.a.s.s.IndexSchema Loaded schema default-config/1.6 with uniqueid field id
2022-12-04 19:10:32.502 INFO  (SolrConfigHandler-refreshconf) [] o.a.s.c.CoreContainer Reloading SolrCore 'sa_shard1_replica_n1' using configuration from configset sa
2022-12-04 19:10:32.565 INFO  (SolrConfigHandler-refreshconf) [] o.a.s.c.SolrCore Opening new SolrCore at [/home/makfazlic/Desktop/FeatureHunt/solr-9.0.0/example/cloud/node2/solr/sa_shard1_replica_n1], dataDir=[/home/makfazlic/Desktop/FeatureHunt/solr-9.0.0/example/cloud/node2/solr/sa_shard1_replica_n1/data/]
2022-12-04 19:10:32.571 INFO  (qtp1165791284-20) [c:sa s:shard2 r:core_node7 x:sa_shard2_replica_n4] o.a.s.h.SolrConfigHandler expecting overlay version 0 but my version is -1
2022-12-04 19:10:32.573 INFO  (qtp1165791284-19) [c:sa s:shard1 r:core_node3 x:sa_shard1_replica_n1] o.a.s.h.SolrConfigHandler expecting overlay version 0 but my version is -1
2022-12-04 19:10:32.576 INFO  (qtp1165791284-20) [c:sa s:shard2 r:core_node7 x:sa_shard2_replica_n4] o.a.s.c.S.Request webapp=/solr path=/config/znodeVersion params={overlay=0&wt=javabin&version=2} status=0 QTime=6
2022-12-04 19:10:32.576 INFO  (SolrConfigHandler-refreshconf) [] o.a.s.h.SolrConfigHandler Another reload is in progress . Not doing anything
2022-12-04 19:10:32.576 INFO  (qtp1165791284-19) [c:sa s:shard1 r:core_node3 x:sa_shard1_replica_n1] o.a.s.c.S.Request webapp=/solr path=/config/znodeVersion params={overlay=0&wt=javabin&version=2} status=0 QTime=3
2022-12-04 19:10:32.578 INFO  (SolrConfigHandler-refreshconf) [] o.a.s.h.SolrConfigHandler Another reload is in progress . Not doing anything
2022-12-04 19:10:32.601 INFO  (ZKEventListenerThread) [] o.a.s.u.CommitTracker Hard AutoCommit: if uncommitted for 15000ms; 
2022-12-04 19:10:32.603 INFO  (ZKEventListenerThread) [] o.a.s.u.CommitTracker Soft AutoCommit: if uncommitted for 3000ms; 
2022-12-04 19:10:32.622 INFO  (ZKEventListenerThread) [] o.a.s.r.ManagedResourceStorage Configured ZooKeeperStorageIO with znodeBase: /configs/sa
2022-12-04 19:10:32.623 INFO  (ZKEventListenerThread) [] o.a.s.r.ManagedResourceStorage Loaded null at path _rest_managed.json using ZooKeeperStorageIO:path=/configs/sa
2022-12-04 19:10:32.625 INFO  (ZKEventListenerThread) [] o.a.s.s.ZkIndexSchemaReader Creating ZooKeeper watch for the managed schema at /configs/sa/managed-schema.xml
2022-12-04 19:10:32.631 INFO  (ZKEventListenerThread) [] o.a.s.s.ZkIndexSchemaReader Current schema version 0 is already the latest
2022-12-04 19:10:32.631 INFO  (ZKEventListenerThread) [] o.a.s.s.DirectSolrSpellChecker init: {accuracy=0.5, maxQueryFrequency=0.01, maxEdits=2, minPrefix=1, maxInspections=5, minQueryLength=4, name=default, field=_text_, classname=solr.DirectSolrSpellChecker, distanceMeasure=internal}
2022-12-04 19:10:32.632 INFO  (ZKEventListenerThread) [] o.a.s.h.ReplicationHandler Commits will be reserved for 10000 ms
2022-12-04 19:10:32.633 INFO  (ZKEventListenerThread) [] o.a.s.u.UpdateLog Could not find max version in index or recent updates, using new clock 1751311746474180608
2022-12-04 19:10:32.645 INFO  (searcherExecutor-31-thread-1-processing-localhost:7574_solr) [] o.a.s.c.QuerySenderListener QuerySenderListener done.
2022-12-04 19:10:32.645 INFO  (searcherExecutor-31-thread-1-processing-localhost:7574_solr) [] o.a.s.h.c.SpellCheckComponent Loading spell index for spellchecker: default
2022-12-04 19:10:32.663 INFO  (ZKEventListenerThread) [] o.a.s.u.DefaultSolrCoreState New IndexWriter is ready to be used.
2022-12-04 19:10:32.672 INFO  (SolrConfigHandler-refreshconf) [] o.a.s.u.CommitTracker Hard AutoCommit: if uncommitted for 15000ms; 
2022-12-04 19:10:32.672 INFO  (SolrConfigHandler-refreshconf) [] o.a.s.u.CommitTracker Soft AutoCommit: if uncommitted for 3000ms; 
2022-12-04 19:10:32.678 INFO  (searcherExecutor-31-thread-1-processing-localhost:7574_solr) [] o.a.s.c.SolrCore Registered new searcher autowarm time: 0 ms
2022-12-04 19:10:32.680 INFO  (SolrConfigHandler-refreshconf) [] o.a.s.r.ManagedResourceStorage Configured ZooKeeperStorageIO with znodeBase: /configs/sa
2022-12-04 19:10:32.681 INFO  (SolrConfigHandler-refreshconf) [] o.a.s.r.ManagedResourceStorage Loaded null at path _rest_managed.json using ZooKeeperStorageIO:path=/configs/sa
2022-12-04 19:10:32.681 INFO  (SolrConfigHandler-refreshconf) [] o.a.s.s.ZkIndexSchemaReader Creating ZooKeeper watch for the managed schema at /configs/sa/managed-schema.xml
2022-12-04 19:10:32.682 INFO  (SolrConfigHandler-refreshconf) [] o.a.s.s.ZkIndexSchemaReader Current schema version 0 is already the latest
2022-12-04 19:10:32.682 INFO  (SolrConfigHandler-refreshconf) [] o.a.s.s.DirectSolrSpellChecker init: {accuracy=0.5, maxQueryFrequency=0.01, maxEdits=2, minPrefix=1, maxInspections=5, minQueryLength=4, name=default, field=_text_, classname=solr.DirectSolrSpellChecker, distanceMeasure=internal}
2022-12-04 19:10:32.682 INFO  (ZKEventListenerThread) [] o.a.s.c.SolrCore CLOSING SolrCore org.apache.solr.core.SolrCore@18b85333 sa_shard2_replica_n4
2022-12-04 19:10:32.683 INFO  (SolrConfigHandler-refreshconf) [] o.a.s.h.ReplicationHandler Commits will be reserved for 10000 ms
2022-12-04 19:10:32.683 INFO  (SolrConfigHandler-refreshconf) [] o.a.s.u.UpdateLog Could not find max version in index or recent updates, using new clock 1751311746526609408
2022-12-04 19:10:32.684 INFO  (searcherExecutor-33-thread-1-processing-localhost:7574_solr) [] o.a.s.c.QuerySenderListener QuerySenderListener done.
2022-12-04 19:10:32.684 INFO  (searcherExecutor-33-thread-1-processing-localhost:7574_solr) [] o.a.s.h.c.SpellCheckComponent Loading spell index for spellchecker: default
2022-12-04 19:10:32.687 INFO  (ZKEventListenerThread) [] o.a.s.m.SolrMetricManager Closing metric reporters for registry=solr.core.sa.shard2.replica_n4 tag=SolrCore@18b85333
2022-12-04 19:10:32.693 INFO  (searcherExecutor-31-thread-1-processing-localhost:7574_solr) [] o.a.s.c.QuerySenderListener QuerySenderListener done.
2022-12-04 19:10:32.699 INFO  (SolrConfigHandler-refreshconf) [] o.a.s.u.DefaultSolrCoreState New IndexWriter is ready to be used.
2022-12-04 19:10:32.700 INFO  (qtp1165791284-26) [c:sa s:shard2 r:core_node7 x:sa_shard2_replica_n4] o.a.s.h.SolrConfigHandler I already have the expected version 0 of config
2022-12-04 19:10:32.700 INFO  (qtp1165791284-26) [c:sa s:shard2 r:core_node7 x:sa_shard2_replica_n4] o.a.s.h.SolrConfigHandler isStale false , resourceloader org.apache.solr.cloud.ZkSolrResourceLoader
2022-12-04 19:10:32.700 INFO  (qtp1165791284-26) [c:sa s:shard2 r:core_node7 x:sa_shard2_replica_n4] o.a.s.c.S.Request webapp=/solr path=/config/znodeVersion params={overlay=0&wt=javabin&version=2} status=0 QTime=1
2022-12-04 19:10:32.705 INFO  (searcherExecutor-33-thread-1-processing-localhost:7574_solr) [] o.a.s.c.SolrCore Registered new searcher autowarm time: 0 ms
2022-12-04 19:10:32.716 INFO  (qtp1165791284-25) [c:sa s:shard1 r:core_node3 x:sa_shard1_replica_n1] o.a.s.h.SolrConfigHandler expecting overlay version 0 but my version is -1
2022-12-04 19:10:32.716 INFO  (ZKEventListenerThread) [] o.a.s.m.SolrMetricManager Closing metric reporters for registry=solr.collection.sa.shard2.leader tag=SolrCore@18b85333
2022-12-04 19:10:32.716 INFO  (qtp1165791284-25) [c:sa s:shard1 r:core_node3 x:sa_shard1_replica_n1] o.a.s.c.S.Request webapp=/solr path=/config/znodeVersion params={overlay=0&wt=javabin&version=2} status=0 QTime=9
2022-12-04 19:10:32.716 INFO  (SolrConfigHandler-refreshconf) [] o.a.s.h.SolrConfigHandler Another reload is in progress . Not doing anything
2022-12-04 19:10:32.718 INFO  (SolrConfigHandler-refreshconf) [] o.a.s.c.SolrCore CLOSING SolrCore org.apache.solr.core.SolrCore@79311295 sa_shard1_replica_n1
2022-12-04 19:10:32.718 INFO  (SolrConfigHandler-refreshconf) [] o.a.s.m.SolrMetricManager Closing metric reporters for registry=solr.core.sa.shard1.replica_n1 tag=SolrCore@79311295
2022-12-04 19:10:32.718 INFO  (searcherExecutor-33-thread-1-processing-localhost:7574_solr) [] o.a.s.c.QuerySenderListener QuerySenderListener done.
2022-12-04 19:10:32.731 INFO  (searcherExecutor-31-thread-1-processing-localhost:7574_solr) [] o.a.s.c.SolrCore Registered new searcher autowarm time: 9 ms
2022-12-04 19:10:32.733 INFO  (searcherExecutor-33-thread-1-processing-localhost:7574_solr) [] o.a.s.c.SolrCore Registered new searcher autowarm time: 0 ms
2022-12-04 19:10:32.734 INFO  (ZKEventListenerThread) [] o.a.s.c.SolrCore config update listener called for core sa_shard1_replica_n1
2022-12-04 19:10:32.737 INFO  (SolrConfigHandler-refreshconf) [] o.a.s.m.SolrMetricManager Closing metric reporters for registry=solr.collection.sa.shard1.leader tag=SolrCore@79311295
2022-12-04 19:10:32.821 INFO  (qtp1165791284-19) [c:sa s:shard1 r:core_node3 x:sa_shard1_replica_n1] o.a.s.h.SolrConfigHandler I already have the expected version 0 of config
2022-12-04 19:10:32.821 INFO  (qtp1165791284-19) [c:sa s:shard1 r:core_node3 x:sa_shard1_replica_n1] o.a.s.h.SolrConfigHandler isStale false , resourceloader org.apache.solr.cloud.ZkSolrResourceLoader
2022-12-04 19:10:32.822 INFO  (qtp1165791284-19) [c:sa s:shard1 r:core_node3 x:sa_shard1_replica_n1] o.a.s.c.S.Request webapp=/solr path=/config/znodeVersion params={overlay=0&wt=javabin&version=2} status=0 QTime=0
